Determining if the pthread_create exist failed with the following output:
Change Dir: /home/emanuel/Documents/voxel_engine/v1/build/Debug/CMakeFiles/CMakeTmp

Run Build Command:"/usr/bin/make" "cmTC_9fbdb/fast"
/usr/bin/make -f CMakeFiles/cmTC_9fbdb.dir/build.make CMakeFiles/cmTC_9fbdb.dir/build
make[1]: Entering directory '/home/emanuel/Documents/voxel_engine/v1/build/Debug/CMakeFiles/CMakeTmp'
Building C object CMakeFiles/cmTC_9fbdb.dir/CheckSymbolExists.c.o
/usr/bin/cc     -o CMakeFiles/cmTC_9fbdb.dir/CheckSymbolExists.c.o   -c /home/emanuel/Documents/voxel_engine/v1/build/Debug/CMakeFiles/CMakeTmp/CheckSymbolExists.c
Linking C executable cmTC_9fbdb
/usr/bin/cmake -E cmake_link_script CMakeFiles/cmTC_9fbdb.dir/link.txt --verbose=1
/usr/bin/cc       CMakeFiles/cmTC_9fbdb.dir/CheckSymbolExists.c.o  -o cmTC_9fbdb -rdynamic 
CMakeFiles/cmTC_9fbdb.dir/CheckSymbolExists.c.o: In function `main':
CheckSymbolExists.c:(.text+0x16): undefined reference to `pthread_create'
collect2: error: ld returned 1 exit status
CMakeFiles/cmTC_9fbdb.dir/build.make:97: recipe for target 'cmTC_9fbdb' failed
make[1]: *** [cmTC_9fbdb] Error 1
make[1]: Leaving directory '/home/emanuel/Documents/voxel_engine/v1/build/Debug/CMakeFiles/CMakeTmp'
Makefile:126: recipe for target 'cmTC_9fbdb/fast' failed
make: *** [cmTC_9fbdb/fast] Error 2

File /home/emanuel/Documents/voxel_engine/v1/build/Debug/CMakeFiles/CMakeTmp/CheckSymbolExists.c:
/* */
#include <pthread.h>

int main(int argc, char** argv)
{
  (void)argv;
#ifndef pthread_create
  return ((int*)(&pthread_create))[argc];
#else
  (void)argc;
  return 0;
#endif
}

Determining if the function pthread_create exists in the pthreads failed with the following output:
Change Dir: /home/emanuel/Documents/voxel_engine/v1/build/Debug/CMakeFiles/CMakeTmp

Run Build Command:"/usr/bin/make" "cmTC_ebff8/fast"
/usr/bin/make -f CMakeFiles/cmTC_ebff8.dir/build.make CMakeFiles/cmTC_ebff8.dir/build
make[1]: Entering directory '/home/emanuel/Documents/voxel_engine/v1/build/Debug/CMakeFiles/CMakeTmp'
Building C object CMakeFiles/cmTC_ebff8.dir/CheckFunctionExists.c.o
/usr/bin/cc    -DCHECK_FUNCTION_EXISTS=pthread_create   -o CMakeFiles/cmTC_ebff8.dir/CheckFunctionExists.c.o   -c /usr/share/cmake-3.5/Modules/CheckFunctionExists.c
Linking C executable cmTC_ebff8
/usr/bin/cmake -E cmake_link_script CMakeFiles/cmTC_ebff8.dir/link.txt --verbose=1
/usr/bin/cc   -DCHECK_FUNCTION_EXISTS=pthread_create    CMakeFiles/cmTC_ebff8.dir/CheckFunctionExists.c.o  -o cmTC_ebff8 -rdynamic -lpthreads 
/usr/bin/ld: cannot find -lpthreads
collect2: error: ld returned 1 exit status
CMakeFiles/cmTC_ebff8.dir/build.make:97: recipe for target 'cmTC_ebff8' failed
make[1]: *** [cmTC_ebff8] Error 1
make[1]: Leaving directory '/home/emanuel/Documents/voxel_engine/v1/build/Debug/CMakeFiles/CMakeTmp'
Makefile:126: recipe for target 'cmTC_ebff8/fast' failed
make: *** [cmTC_ebff8/fast] Error 2


